<?xml version="1.0" encoding="UTF-8"?>
<testng-results ignored="0" total="1" passed="1" failed="0" skipped="0">
  <reporter-output>
  </reporter-output>
  <suite started-at="2021-05-10T13:46:13 CDT" name="Default suite" finished-at="2021-05-10T13:46:16 CDT" duration-ms="3320">
    <groups>
    </groups>
    <test started-at="2021-05-10T13:46:13 CDT" name="Default test" finished-at="2021-05-10T13:46:16 CDT" duration-ms="3320">
      <class name="turbonomicInterviewQuestions.QuestionThree">
        <test-method signature="sanusartTest()[pri:0, instance:turbonomicInterviewQuestions.QuestionThree@6a03bcb1]" started-at="2021-05-10T13:46:13 CDT" name="sanusartTest" finished-at="2021-05-10T13:46:16 CDT" duration-ms="3285" status="PASS">
          <reporter-output>
          </reporter-output>
        </test-method> <!-- sanusartTest -->
      </class> <!-- turbonomicInterviewQuestions.QuestionThree -->
    </test> <!-- Default test -->
  </suite> <!-- Default suite -->
</testng-results>
